{"/workspaces/aloha/src/SquareState.ts": {"path":"/workspaces/aloha/src/SquareState.ts","statementMap":{},"fnMap":{},"branchMap":{},"s":{},"f":{},"b":{}}
,"/workspaces/aloha/src/Utils.ts": {"path":"/workspaces/aloha/src/Utils.ts","statementMap":{"0":{"start":{"line":7,"column":18},"end":{"line":16,"column":5}},"1":{"start":{"line":17,"column":4},"end":{"line":27,"column":5}},"2":{"start":{"line":17,"column":17},"end":{"line":17,"column":18}},"3":{"start":{"line":18,"column":24},"end":{"line":18,"column":32}},"4":{"start":{"line":19,"column":6},"end":{"line":26,"column":7}},"5":{"start":{"line":21,"column":8},"end":{"line":25,"column":9}},"6":{"start":{"line":22,"column":10},"end":{"line":22,"column":27}},"7":{"start":{"line":23,"column":15},"end":{"line":25,"column":9}},"8":{"start":{"line":24,"column":10},"end":{"line":24,"column":27}},"9":{"start":{"line":28,"column":4},"end":{"line":32,"column":5}},"10":{"start":{"line":28,"column":17},"end":{"line":28,"column":18}},"11":{"start":{"line":29,"column":6},"end":{"line":31,"column":7}},"12":{"start":{"line":30,"column":8},"end":{"line":30,"column":20}},"13":{"start":{"line":35,"column":4},"end":{"line":35,"column":18}}},"fnMap":{"0":{"name":"calculateGameState","decl":{"start":{"line":6,"column":9},"end":{"line":6,"column":27}},"loc":{"start":{"line":6,"column":70},"end":{"line":36,"column":3}},"line":6}},"branchMap":{"0":{"loc":{"start":{"line":19,"column":6},"end":{"line":26,"column":7}},"type":"if","locations":[{"start":{"line":19,"column":6},"end":{"line":26,"column":7}},{"start":{},"end":{}}],"line":19},"1":{"loc":{"start":{"line":19,"column":10},"end":{"line":19,"column":78}},"type":"binary-expr","locations":[{"start":{"line":19,"column":10},"end":{"line":19,"column":20}},{"start":{"line":19,"column":24},"end":{"line":19,"column":49}},{"start":{"line":19,"column":53},"end":{"line":19,"column":78}}],"line":19},"2":{"loc":{"start":{"line":21,"column":8},"end":{"line":25,"column":9}},"type":"if","locations":[{"start":{"line":21,"column":8},"end":{"line":25,"column":9}},{"start":{"line":23,"column":15},"end":{"line":25,"column":9}}],"line":21},"3":{"loc":{"start":{"line":23,"column":15},"end":{"line":25,"column":9}},"type":"if","locations":[{"start":{"line":23,"column":15},"end":{"line":25,"column":9}},{"start":{},"end":{}}],"line":23},"4":{"loc":{"start":{"line":29,"column":6},"end":{"line":31,"column":7}},"type":"if","locations":[{"start":{"line":29,"column":6},"end":{"line":31,"column":7}},{"start":{},"end":{}}],"line":29},"5":{"loc":{"start":{"line":29,"column":10},"end":{"line":29,"column":48}},"type":"binary-expr","locations":[{"start":{"line":29,"column":10},"end":{"line":29,"column":28}},{"start":{"line":29,"column":32},"end":{"line":29,"column":48}}],"line":29}},"s":{"0":4,"1":4,"2":4,"3":8,"4":8,"5":4,"6":1,"7":3,"8":3,"9":0,"10":0,"11":0,"12":0,"13":0},"f":{"0":4},"b":{"0":[4,4],"1":[8,7,7],"2":[1,3],"3":[3,0],"4":[0,0],"5":[0,0]},"_coverageSchema":"1a1c01bbd47fc00a2c39e90264f33305004495a9","hash":"8617edec889828cff66374cbe2dd9b7cea3e5635"}
}
